  main.cpp
C:\Users\Admin\Desktop\DHMT\BTL_TapDuyetBoBinh_Last\OpenGL\main.cpp(30,30): warning C4305: 'initializing': truncation from 'double' to 'GLfloat'
C:\Users\Admin\Desktop\DHMT\BTL_TapDuyetBoBinh_Last\OpenGL\main.cpp(131,40): warning C4305: 'argument': truncation from 'double' to 'GLfloat'
C:\Users\Admin\Desktop\DHMT\BTL_TapDuyetBoBinh_Last\OpenGL\main.cpp(135,43): warning C4305: 'argument': truncation from 'double' to 'GLfloat'
C:\Users\Admin\Desktop\DHMT\BTL_TapDuyetBoBinh_Last\OpenGL\main.cpp(136,43): warning C4305: 'argument': truncation from 'double' to 'GLfloat'
C:\Users\Admin\Desktop\DHMT\BTL_TapDuyetBoBinh_Last\OpenGL\main.cpp(174,32): warning C4305: 'argument': truncation from 'double' to 'GLclampf'
C:\Users\Admin\Desktop\DHMT\BTL_TapDuyetBoBinh_Last\OpenGL\main.cpp(177,38): warning C4305: 'argument': truncation from 'double' to 'GLfloat'
C:\Users\Admin\Desktop\DHMT\BTL_TapDuyetBoBinh_Last\OpenGL\main.cpp(181,46): warning C4305: 'argument': truncation from 'double' to 'GLfloat'
C:\Users\Admin\Desktop\DHMT\BTL_TapDuyetBoBinh_Last\OpenGL\main.cpp(183,43): warning C4305: 'argument': truncation from 'double' to 'GLfloat'
C:\Users\Admin\Desktop\DHMT\BTL_TapDuyetBoBinh_Last\OpenGL\main.cpp(187,40): warning C4305: 'argument': truncation from 'double' to 'const float'
C:\Users\Admin\Desktop\DHMT\BTL_TapDuyetBoBinh_Last\OpenGL\main.cpp(187,40): warning C4305: 'argument': truncation from 'double' to 'GLfloat'
C:\Users\Admin\Desktop\DHMT\BTL_TapDuyetBoBinh_Last\OpenGL\main.cpp(188,39): warning C4305: 'argument': truncation from 'double' to 'GLfloat'
C:\Users\Admin\Desktop\DHMT\BTL_TapDuyetBoBinh_Last\OpenGL\main.cpp(189,38): warning C4305: 'argument': truncation from 'double' to 'GLfloat'
C:\Users\Admin\Desktop\DHMT\BTL_TapDuyetBoBinh_Last\OpenGL\main.cpp(190,39): warning C4305: 'argument': truncation from 'double' to 'GLfloat'
C:\Users\Admin\Desktop\DHMT\BTL_TapDuyetBoBinh_Last\OpenGL\main.cpp(193,44): warning C4305: 'argument': truncation from 'double' to 'GLfloat'
C:\Users\Admin\Desktop\DHMT\BTL_TapDuyetBoBinh_Last\OpenGL\main.cpp(208,31): warning C4305: 'initializing': truncation from 'double' to 'GLfloat'
C:\Users\Admin\Desktop\DHMT\BTL_TapDuyetBoBinh_Last\OpenGL\main.cpp(225,36): warning C4305: 'argument': truncation from 'double' to 'GLfloat'
C:\Users\Admin\Desktop\DHMT\BTL_TapDuyetBoBinh_Last\OpenGL\main.cpp(231,33): warning C4305: 'argument': truncation from 'double' to 'const GLfloat'
C:\Users\Admin\Desktop\DHMT\BTL_TapDuyetBoBinh_Last\OpenGL\main.cpp(232,46): warning C4305: 'argument': truncation from 'double' to 'GLfloat'
C:\Users\Admin\Desktop\DHMT\BTL_TapDuyetBoBinh_Last\OpenGL\main.cpp(235,32): warning C4305: 'argument': truncation from 'double' to 'const GLfloat'
C:\Users\Admin\Desktop\DHMT\BTL_TapDuyetBoBinh_Last\OpenGL\main.cpp(236,46): warning C4305: 'argument': truncation from 'double' to 'GLfloat'
C:\Users\Admin\Desktop\DHMT\BTL_TapDuyetBoBinh_Last\OpenGL\main.cpp(240,31): warning C4305: 'argument': truncation from 'double' to 'const GLfloat'
C:\Users\Admin\Desktop\DHMT\BTL_TapDuyetBoBinh_Last\OpenGL\main.cpp(241,40): warning C4305: 'argument': truncation from 'double' to 'GLfloat'
C:\Users\Admin\Desktop\DHMT\BTL_TapDuyetBoBinh_Last\OpenGL\main.cpp(243,31): warning C4305: 'argument': truncation from 'double' to 'const GLfloat'
C:\Users\Admin\Desktop\DHMT\BTL_TapDuyetBoBinh_Last\OpenGL\main.cpp(244,40): warning C4305: 'argument': truncation from 'double' to 'GLfloat'
C:\Users\Admin\Desktop\DHMT\BTL_TapDuyetBoBinh_Last\OpenGL\main.cpp(247,33): warning C4305: 'argument': truncation from 'double' to 'const GLfloat'
C:\Users\Admin\Desktop\DHMT\BTL_TapDuyetBoBinh_Last\OpenGL\main.cpp(247,67): warning C4305: 'argument': truncation from 'double' to 'const GLfloat'
C:\Users\Admin\Desktop\DHMT\BTL_TapDuyetBoBinh_Last\OpenGL\main.cpp(248,45): warning C4305: 'argument': truncation from 'double' to 'GLfloat'
C:\Users\Admin\Desktop\DHMT\BTL_TapDuyetBoBinh_Last\OpenGL\main.cpp(250,34): warning C4305: 'argument': truncation from 'double' to 'const GLfloat'
C:\Users\Admin\Desktop\DHMT\BTL_TapDuyetBoBinh_Last\OpenGL\main.cpp(250,71): warning C4305: 'argument': truncation from 'double' to 'const GLfloat'
C:\Users\Admin\Desktop\DHMT\BTL_TapDuyetBoBinh_Last\OpenGL\main.cpp(251,45): warning C4305: 'argument': truncation from 'double' to 'GLfloat'
C:\Users\Admin\Desktop\DHMT\BTL_TapDuyetBoBinh_Last\OpenGL\main.cpp(257,12): warning C4244: 'argument': conversion from 'int' to 'GLfloat', possible loss of data
C:\Users\Admin\Desktop\DHMT\BTL_TapDuyetBoBinh_Last\OpenGL\main.cpp(261,15): warning C4244: 'argument': conversion from 'double' to 'GLfloat', possible loss of data
C:\Users\Admin\Desktop\DHMT\BTL_TapDuyetBoBinh_Last\OpenGL\main.cpp(267,32): warning C4305: 'argument': truncation from 'double' to 'const GLfloat'
C:\Users\Admin\Desktop\DHMT\BTL_TapDuyetBoBinh_Last\OpenGL\main.cpp(268,44): warning C4305: 'argument': truncation from 'double' to 'GLfloat'
C:\Users\Admin\Desktop\DHMT\BTL_TapDuyetBoBinh_Last\OpenGL\main.cpp(270,34): warning C4305: 'argument': truncation from 'double' to 'const GLfloat'
C:\Users\Admin\Desktop\DHMT\BTL_TapDuyetBoBinh_Last\OpenGL\main.cpp(271,47): warning C4305: 'argument': truncation from 'double' to 'GLfloat'
C:\Users\Admin\Desktop\DHMT\BTL_TapDuyetBoBinh_Last\OpenGL\main.cpp(274,34): warning C4305: 'argument': truncation from 'double' to 'const GLfloat'
C:\Users\Admin\Desktop\DHMT\BTL_TapDuyetBoBinh_Last\OpenGL\main.cpp(275,44): warning C4305: 'argument': truncation from 'double' to 'GLfloat'
C:\Users\Admin\Desktop\DHMT\BTL_TapDuyetBoBinh_Last\OpenGL\main.cpp(280,37): warning C4244: 'argument': conversion from 'double' to 'const GLfloat', possible loss of data
C:\Users\Admin\Desktop\DHMT\BTL_TapDuyetBoBinh_Last\OpenGL\main.cpp(280,46): warning C4305: 'argument': truncation from 'double' to 'const GLfloat'
C:\Users\Admin\Desktop\DHMT\BTL_TapDuyetBoBinh_Last\OpenGL\main.cpp(280,73): warning C4305: 'argument': truncation from 'double' to 'const GLfloat'
C:\Users\Admin\Desktop\DHMT\BTL_TapDuyetBoBinh_Last\OpenGL\main.cpp(282,37): warning C4244: 'argument': conversion from 'double' to 'const GLfloat', possible loss of data
C:\Users\Admin\Desktop\DHMT\BTL_TapDuyetBoBinh_Last\OpenGL\main.cpp(282,46): warning C4305: 'argument': truncation from 'double' to 'const GLfloat'
C:\Users\Admin\Desktop\DHMT\BTL_TapDuyetBoBinh_Last\OpenGL\main.cpp(282,70): warning C4305: 'argument': truncation from 'double' to 'const GLfloat'
C:\Users\Admin\Desktop\DHMT\BTL_TapDuyetBoBinh_Last\OpenGL\main.cpp(291,34): warning C4244: 'argument': conversion from 'double' to 'const GLfloat', possible loss of data
C:\Users\Admin\Desktop\DHMT\BTL_TapDuyetBoBinh_Last\OpenGL\main.cpp(291,42): warning C4305: 'argument': truncation from 'double' to 'const GLfloat'
C:\Users\Admin\Desktop\DHMT\BTL_TapDuyetBoBinh_Last\OpenGL\main.cpp(291,66): warning C4305: 'argument': truncation from 'double' to 'const GLfloat'
C:\Users\Admin\Desktop\DHMT\BTL_TapDuyetBoBinh_Last\OpenGL\main.cpp(293,38): warning C4244: 'argument': conversion from 'double' to 'const GLfloat', possible loss of data
C:\Users\Admin\Desktop\DHMT\BTL_TapDuyetBoBinh_Last\OpenGL\main.cpp(293,47): warning C4305: 'argument': truncation from 'double' to 'const GLfloat'
C:\Users\Admin\Desktop\DHMT\BTL_TapDuyetBoBinh_Last\OpenGL\main.cpp(293,71): warning C4305: 'argument': truncation from 'double' to 'const GLfloat'
C:\Users\Admin\Desktop\DHMT\BTL_TapDuyetBoBinh_Last\OpenGL\main.cpp(304,41): warning C4305: 'argument': truncation from 'double' to 'const GLfloat'
C:\Users\Admin\Desktop\DHMT\BTL_TapDuyetBoBinh_Last\OpenGL\main.cpp(305,46): warning C4305: 'argument': truncation from 'double' to 'GLfloat'
C:\Users\Admin\Desktop\DHMT\BTL_TapDuyetBoBinh_Last\OpenGL\main.cpp(308,42): warning C4305: 'argument': truncation from 'double' to 'const GLfloat'
C:\Users\Admin\Desktop\DHMT\BTL_TapDuyetBoBinh_Last\OpenGL\main.cpp(309,46): warning C4305: 'argument': truncation from 'double' to 'GLfloat'
C:\Users\Admin\Desktop\DHMT\BTL_TapDuyetBoBinh_Last\OpenGL\main.cpp(312,34): warning C4305: 'argument': truncation from 'double' to 'const GLfloat'
C:\Users\Admin\Desktop\DHMT\BTL_TapDuyetBoBinh_Last\OpenGL\main.cpp(313,43): warning C4305: 'argument': truncation from 'double' to 'GLfloat'
C:\Users\Admin\Desktop\DHMT\BTL_TapDuyetBoBinh_Last\OpenGL\main.cpp(319,16): warning C4244: 'argument': conversion from 'int' to 'GLfloat', possible loss of data
C:\Users\Admin\Desktop\DHMT\BTL_TapDuyetBoBinh_Last\OpenGL\main.cpp(324,30): warning C4305: 'argument': truncation from 'double' to 'const GLfloat'
C:\Users\Admin\Desktop\DHMT\BTL_TapDuyetBoBinh_Last\OpenGL\main.cpp(325,44): warning C4305: 'argument': truncation from 'double' to 'GLfloat'
C:\Users\Admin\Desktop\DHMT\BTL_TapDuyetBoBinh_Last\OpenGL\main.cpp(329,19): warning C4244: 'argument': conversion from 'int' to 'GLfloat', possible loss of data
C:\Users\Admin\Desktop\DHMT\BTL_TapDuyetBoBinh_Last\OpenGL\main.cpp(333,35): warning C4305: 'argument': truncation from 'double' to 'const GLfloat'
C:\Users\Admin\Desktop\DHMT\BTL_TapDuyetBoBinh_Last\OpenGL\main.cpp(334,42): warning C4305: 'argument': truncation from 'double' to 'GLfloat'
C:\Users\Admin\Desktop\DHMT\BTL_TapDuyetBoBinh_Last\OpenGL\main.cpp(336,34): warning C4305: 'argument': truncation from 'double' to 'const GLfloat'
C:\Users\Admin\Desktop\DHMT\BTL_TapDuyetBoBinh_Last\OpenGL\main.cpp(337,42): warning C4305: 'argument': truncation from 'double' to 'GLfloat'
C:\Users\Admin\Desktop\DHMT\BTL_TapDuyetBoBinh_Last\OpenGL\main.cpp(340,32): warning C4305: 'argument': truncation from 'double' to 'const GLfloat'
C:\Users\Admin\Desktop\DHMT\BTL_TapDuyetBoBinh_Last\OpenGL\main.cpp(341,46): warning C4305: 'argument': truncation from 'double' to 'GLfloat'
C:\Users\Admin\Desktop\DHMT\BTL_TapDuyetBoBinh_Last\OpenGL\main.cpp(343,33): warning C4305: 'argument': truncation from 'double' to 'const GLfloat'
C:\Users\Admin\Desktop\DHMT\BTL_TapDuyetBoBinh_Last\OpenGL\main.cpp(344,47): warning C4305: 'argument': truncation from 'double' to 'GLfloat'
C:\Users\Admin\Desktop\DHMT\BTL_TapDuyetBoBinh_Last\OpenGL\main.cpp(349,98): warning C4305: 'argument': truncation from 'double' to 'const GLfloat'
C:\Users\Admin\Desktop\DHMT\BTL_TapDuyetBoBinh_Last\OpenGL\main.cpp(351,101): warning C4305: 'argument': truncation from 'double' to 'const GLfloat'
C:\Users\Admin\Desktop\DHMT\BTL_TapDuyetBoBinh_Last\OpenGL\main.cpp(358,101): warning C4305: 'argument': truncation from 'double' to 'const GLfloat'
C:\Users\Admin\Desktop\DHMT\BTL_TapDuyetBoBinh_Last\OpenGL\main.cpp(360,101): warning C4305: 'argument': truncation from 'double' to 'const GLfloat'
C:\Users\Admin\Desktop\DHMT\BTL_TapDuyetBoBinh_Last\OpenGL\main.cpp(367,101): warning C4305: 'argument': truncation from 'double' to 'const GLfloat'
C:\Users\Admin\Desktop\DHMT\BTL_TapDuyetBoBinh_Last\OpenGL\main.cpp(369,101): warning C4305: 'argument': truncation from 'double' to 'const GLfloat'
C:\Users\Admin\Desktop\DHMT\BTL_TapDuyetBoBinh_Last\OpenGL\main.cpp(376,35): warning C4305: 'argument': truncation from 'double' to 'const GLfloat'
C:\Users\Admin\Desktop\DHMT\BTL_TapDuyetBoBinh_Last\OpenGL\main.cpp(377,47): warning C4305: 'argument': truncation from 'double' to 'GLfloat'
C:\Users\Admin\Desktop\DHMT\BTL_TapDuyetBoBinh_Last\OpenGL\main.cpp(380,36): warning C4305: 'argument': truncation from 'double' to 'const GLfloat'
C:\Users\Admin\Desktop\DHMT\BTL_TapDuyetBoBinh_Last\OpenGL\main.cpp(381,47): warning C4305: 'argument': truncation from 'double' to 'GLfloat'
C:\Users\Admin\Desktop\DHMT\BTL_TapDuyetBoBinh_Last\OpenGL\main.cpp(384,36): warning C4305: 'argument': truncation from 'double' to 'const GLfloat'
C:\Users\Admin\Desktop\DHMT\BTL_TapDuyetBoBinh_Last\OpenGL\main.cpp(385,47): warning C4305: 'argument': truncation from 'double' to 'GLfloat'
C:\Users\Admin\Desktop\DHMT\BTL_TapDuyetBoBinh_Last\OpenGL\main.cpp(388,37): warning C4305: 'argument': truncation from 'double' to 'const GLfloat'
C:\Users\Admin\Desktop\DHMT\BTL_TapDuyetBoBinh_Last\OpenGL\main.cpp(389,47): warning C4305: 'argument': truncation from 'double' to 'GLfloat'
C:\Users\Admin\Desktop\DHMT\BTL_TapDuyetBoBinh_Last\OpenGL\main.cpp(394,15): warning C4244: 'argument': conversion from 'int' to 'GLfloat', possible loss of data
C:\Users\Admin\Desktop\DHMT\BTL_TapDuyetBoBinh_Last\OpenGL\main.cpp(399,33): warning C4305: 'argument': truncation from 'double' to 'const GLfloat'
C:\Users\Admin\Desktop\DHMT\BTL_TapDuyetBoBinh_Last\OpenGL\main.cpp(400,41): warning C4305: 'argument': truncation from 'double' to 'GLfloat'
C:\Users\Admin\Desktop\DHMT\BTL_TapDuyetBoBinh_Last\OpenGL\main.cpp(405,33): warning C4305: 'argument': truncation from 'double' to 'const GLfloat'
C:\Users\Admin\Desktop\DHMT\BTL_TapDuyetBoBinh_Last\OpenGL\main.cpp(406,38): warning C4305: 'argument': truncation from 'double' to 'GLfloat'
C:\Users\Admin\Desktop\DHMT\BTL_TapDuyetBoBinh_Last\OpenGL\main.cpp(409,33): warning C4305: 'argument': truncation from 'double' to 'const GLfloat'
C:\Users\Admin\Desktop\DHMT\BTL_TapDuyetBoBinh_Last\OpenGL\main.cpp(410,40): warning C4305: 'argument': truncation from 'double' to 'GLfloat'
C:\Users\Admin\Desktop\DHMT\BTL_TapDuyetBoBinh_Last\OpenGL\main.cpp(412,32): warning C4305: 'argument': truncation from 'double' to 'const GLfloat'
C:\Users\Admin\Desktop\DHMT\BTL_TapDuyetBoBinh_Last\OpenGL\main.cpp(413,40): warning C4305: 'argument': truncation from 'double' to 'GLfloat'
C:\Users\Admin\Desktop\DHMT\BTL_TapDuyetBoBinh_Last\OpenGL\main.cpp(416,35): warning C4305: 'argument': truncation from 'double' to 'const GLfloat'
C:\Users\Admin\Desktop\DHMT\BTL_TapDuyetBoBinh_Last\OpenGL\main.cpp(417,39): warning C4305: 'argument': truncation from 'double' to 'GLfloat'
C:\Users\Admin\Desktop\DHMT\BTL_TapDuyetBoBinh_Last\OpenGL\main.cpp(419,36): warning C4305: 'argument': truncation from 'double' to 'const GLfloat'
C:\Users\Admin\Desktop\DHMT\BTL_TapDuyetBoBinh_Last\OpenGL\main.cpp(420,38): warning C4305: 'argument': truncation from 'double' to 'GLfloat'
C:\Users\Admin\Desktop\DHMT\BTL_TapDuyetBoBinh_Last\OpenGL\main.cpp(425,32): warning C4305: 'argument': truncation from 'double' to 'const GLfloat'
C:\Users\Admin\Desktop\DHMT\BTL_TapDuyetBoBinh_Last\OpenGL\main.cpp(426,39): warning C4305: 'argument': truncation from 'double' to 'GLfloat'
C:\Users\Admin\Desktop\DHMT\BTL_TapDuyetBoBinh_Last\OpenGL\main.cpp(429,37): warning C4305: 'argument': truncation from 'double' to 'const GLfloat'
C:\Users\Admin\Desktop\DHMT\BTL_TapDuyetBoBinh_Last\OpenGL\main.cpp(430,42): warning C4305: 'argument': truncation from 'double' to 'GLfloat'
C:\Users\Admin\Desktop\DHMT\BTL_TapDuyetBoBinh_Last\OpenGL\main.cpp(432,38): warning C4305: 'argument': truncation from 'double' to 'const GLfloat'
C:\Users\Admin\Desktop\DHMT\BTL_TapDuyetBoBinh_Last\OpenGL\main.cpp(433,43): warning C4305: 'argument': truncation from 'double' to 'GLfloat'
C:\Users\Admin\Desktop\DHMT\BTL_TapDuyetBoBinh_Last\OpenGL\main.cpp(434,38): warning C4305: 'argument': truncation from 'double' to 'const GLfloat'
C:\Users\Admin\Desktop\DHMT\BTL_TapDuyetBoBinh_Last\OpenGL\main.cpp(435,43): warning C4305: 'argument': truncation from 'double' to 'GLfloat'
C:\Users\Admin\Desktop\DHMT\BTL_TapDuyetBoBinh_Last\OpenGL\main.cpp(436,38): warning C4305: 'argument': truncation from 'double' to 'const GLfloat'
C:\Users\Admin\Desktop\DHMT\BTL_TapDuyetBoBinh_Last\OpenGL\main.cpp(437,43): warning C4305: 'argument': truncation from 'double' to 'GLfloat'
C:\Users\Admin\Desktop\DHMT\BTL_TapDuyetBoBinh_Last\OpenGL\main.cpp(439,35): warning C4305: 'argument': truncation from 'double' to 'const GLfloat'
C:\Users\Admin\Desktop\DHMT\BTL_TapDuyetBoBinh_Last\OpenGL\main.cpp(439,58): warning C4305: 'argument': truncation from 'double' to 'const GLfloat'
C:\Users\Admin\Desktop\DHMT\BTL_TapDuyetBoBinh_Last\OpenGL\main.cpp(439,102): warning C4305: 'argument': truncation from 'double' to 'const GLfloat'
C:\Users\Admin\Desktop\DHMT\BTL_TapDuyetBoBinh_Last\OpenGL\main.cpp(440,43): warning C4305: 'argument': truncation from 'double' to 'GLfloat'
C:\Users\Admin\Desktop\DHMT\BTL_TapDuyetBoBinh_Last\OpenGL\main.cpp(441,37): warning C4305: 'argument': truncation from 'double' to 'const GLfloat'
C:\Users\Admin\Desktop\DHMT\BTL_TapDuyetBoBinh_Last\OpenGL\main.cpp(441,60): warning C4305: 'argument': truncation from 'double' to 'const GLfloat'
C:\Users\Admin\Desktop\DHMT\BTL_TapDuyetBoBinh_Last\OpenGL\main.cpp(441,105): warning C4305: 'argument': truncation from 'double' to 'const GLfloat'
C:\Users\Admin\Desktop\DHMT\BTL_TapDuyetBoBinh_Last\OpenGL\main.cpp(442,44): warning C4305: 'argument': truncation from 'double' to 'GLfloat'
C:\Users\Admin\Desktop\DHMT\BTL_TapDuyetBoBinh_Last\OpenGL\main.cpp(444,34): warning C4305: 'argument': truncation from 'double' to 'const GLfloat'
C:\Users\Admin\Desktop\DHMT\BTL_TapDuyetBoBinh_Last\OpenGL\main.cpp(444,57): warning C4305: 'argument': truncation from 'double' to 'const GLfloat'
C:\Users\Admin\Desktop\DHMT\BTL_TapDuyetBoBinh_Last\OpenGL\main.cpp(444,102): warning C4305: 'argument': truncation from 'double' to 'const GLfloat'
C:\Users\Admin\Desktop\DHMT\BTL_TapDuyetBoBinh_Last\OpenGL\main.cpp(445,43): warning C4305: 'argument': truncation from 'double' to 'GLfloat'
C:\Users\Admin\Desktop\DHMT\BTL_TapDuyetBoBinh_Last\OpenGL\main.cpp(446,35): warning C4305: 'argument': truncation from 'double' to 'const GLfloat'
C:\Users\Admin\Desktop\DHMT\BTL_TapDuyetBoBinh_Last\OpenGL\main.cpp(446,58): warning C4305: 'argument': truncation from 'double' to 'const GLfloat'
C:\Users\Admin\Desktop\DHMT\BTL_TapDuyetBoBinh_Last\OpenGL\main.cpp(446,103): warning C4305: 'argument': truncation from 'double' to 'const GLfloat'
C:\Users\Admin\Desktop\DHMT\BTL_TapDuyetBoBinh_Last\OpenGL\main.cpp(447,44): warning C4305: 'argument': truncation from 'double' to 'GLfloat'
C:\Users\Admin\Desktop\DHMT\BTL_TapDuyetBoBinh_Last\OpenGL\main.cpp(450,35): warning C4305: 'argument': truncation from 'double' to 'const GLfloat'
C:\Users\Admin\Desktop\DHMT\BTL_TapDuyetBoBinh_Last\OpenGL\main.cpp(451,42): warning C4305: 'argument': truncation from 'double' to 'GLfloat'
C:\Users\Admin\Desktop\DHMT\BTL_TapDuyetBoBinh_Last\OpenGL\main.cpp(453,36): warning C4305: 'argument': truncation from 'double' to 'const GLfloat'
C:\Users\Admin\Desktop\DHMT\BTL_TapDuyetBoBinh_Last\OpenGL\main.cpp(454,42): warning C4305: 'argument': truncation from 'double' to 'GLfloat'
C:\Users\Admin\Desktop\DHMT\BTL_TapDuyetBoBinh_Last\OpenGL\main.cpp(457,39): warning C4244: 'argument': conversion from 'double' to 'const GLfloat', possible loss of data
C:\Users\Admin\Desktop\DHMT\BTL_TapDuyetBoBinh_Last\OpenGL\main.cpp(457,49): warning C4305: 'argument': truncation from 'double' to 'const GLfloat'
C:\Users\Admin\Desktop\DHMT\BTL_TapDuyetBoBinh_Last\OpenGL\main.cpp(457,92): warning C4305: 'argument': truncation from 'double' to 'const GLfloat'
C:\Users\Admin\Desktop\DHMT\BTL_TapDuyetBoBinh_Last\OpenGL\main.cpp(461,39): warning C4244: 'argument': conversion from 'double' to 'const GLfloat', possible loss of data
C:\Users\Admin\Desktop\DHMT\BTL_TapDuyetBoBinh_Last\OpenGL\main.cpp(461,49): warning C4305: 'argument': truncation from 'double' to 'const GLfloat'
C:\Users\Admin\Desktop\DHMT\BTL_TapDuyetBoBinh_Last\OpenGL\main.cpp(461,98): warning C4305: 'argument': truncation from 'double' to 'const GLfloat'
C:\Users\Admin\Desktop\DHMT\BTL_TapDuyetBoBinh_Last\OpenGL\main.cpp(465,39): warning C4244: 'argument': conversion from 'double' to 'const GLfloat', possible loss of data
C:\Users\Admin\Desktop\DHMT\BTL_TapDuyetBoBinh_Last\OpenGL\main.cpp(465,49): warning C4305: 'argument': truncation from 'double' to 'const GLfloat'
C:\Users\Admin\Desktop\DHMT\BTL_TapDuyetBoBinh_Last\OpenGL\main.cpp(465,98): warning C4305: 'argument': truncation from 'double' to 'const GLfloat'
C:\Users\Admin\Desktop\DHMT\BTL_TapDuyetBoBinh_Last\OpenGL\main.cpp(492,41): warning C4305: 'argument': truncation from 'double' to 'GLfloat'
C:\Users\Admin\Desktop\DHMT\BTL_TapDuyetBoBinh_Last\OpenGL\main.cpp(494,45): warning C4305: 'argument': truncation from 'double' to 'const GLfloat'
C:\Users\Admin\Desktop\DHMT\BTL_TapDuyetBoBinh_Last\OpenGL\main.cpp(495,45): warning C4305: 'argument': truncation from 'double' to 'GLfloat'
C:\Users\Admin\Desktop\DHMT\BTL_TapDuyetBoBinh_Last\OpenGL\main.cpp(497,44): warning C4305: 'argument': truncation from 'double' to 'const GLfloat'
C:\Users\Admin\Desktop\DHMT\BTL_TapDuyetBoBinh_Last\OpenGL\main.cpp(498,48): warning C4305: 'argument': truncation from 'double' to 'GLfloat'
C:\Users\Admin\Desktop\DHMT\BTL_TapDuyetBoBinh_Last\OpenGL\main.cpp(499,42): warning C4305: 'argument': truncation from 'double' to 'const GLfloat'
C:\Users\Admin\Desktop\DHMT\BTL_TapDuyetBoBinh_Last\OpenGL\main.cpp(500,48): warning C4305: 'argument': truncation from 'double' to 'GLfloat'
C:\Users\Admin\Desktop\DHMT\BTL_TapDuyetBoBinh_Last\OpenGL\main.cpp(501,44): warning C4305: 'argument': truncation from 'double' to 'const GLfloat'
C:\Users\Admin\Desktop\DHMT\BTL_TapDuyetBoBinh_Last\OpenGL\main.cpp(502,48): warning C4305: 'argument': truncation from 'double' to 'GLfloat'
C:\Users\Admin\Desktop\DHMT\BTL_TapDuyetBoBinh_Last\OpenGL\main.cpp(504,45): warning C4305: 'argument': truncation from 'double' to 'const GLfloat'
C:\Users\Admin\Desktop\DHMT\BTL_TapDuyetBoBinh_Last\OpenGL\main.cpp(505,48): warning C4305: 'argument': truncation from 'double' to 'GLfloat'
C:\Users\Admin\Desktop\DHMT\BTL_TapDuyetBoBinh_Last\OpenGL\main.cpp(506,45): warning C4305: 'argument': truncation from 'double' to 'const GLfloat'
C:\Users\Admin\Desktop\DHMT\BTL_TapDuyetBoBinh_Last\OpenGL\main.cpp(507,49): warning C4305: 'argument': truncation from 'double' to 'GLfloat'
C:\Users\Admin\Desktop\DHMT\BTL_TapDuyetBoBinh_Last\OpenGL\main.cpp(508,45): warning C4305: 'argument': truncation from 'double' to 'const GLfloat'
C:\Users\Admin\Desktop\DHMT\BTL_TapDuyetBoBinh_Last\OpenGL\main.cpp(509,49): warning C4305: 'argument': truncation from 'double' to 'GLfloat'
C:\Users\Admin\Desktop\DHMT\BTL_TapDuyetBoBinh_Last\OpenGL\main.cpp(514,12): warning C4244: 'argument': conversion from 'int' to 'GLfloat', possible loss of data
C:\Users\Admin\Desktop\DHMT\BTL_TapDuyetBoBinh_Last\OpenGL\main.cpp(519,34): warning C4305: 'argument': truncation from 'double' to 'const GLfloat'
C:\Users\Admin\Desktop\DHMT\BTL_TapDuyetBoBinh_Last\OpenGL\main.cpp(521,33): warning C4305: 'argument': truncation from 'double' to 'const GLfloat'
C:\Users\Admin\Desktop\DHMT\BTL_TapDuyetBoBinh_Last\OpenGL\main.cpp(523,33): warning C4305: 'argument': truncation from 'double' to 'const GLfloat'
C:\Users\Admin\Desktop\DHMT\BTL_TapDuyetBoBinh_Last\OpenGL\main.cpp(525,33): warning C4305: 'argument': truncation from 'double' to 'const GLfloat'
C:\Users\Admin\Desktop\DHMT\BTL_TapDuyetBoBinh_Last\OpenGL\main.cpp(531,36): warning C4305: 'argument': truncation from 'double' to 'const GLfloat'
C:\Users\Admin\Desktop\DHMT\BTL_TapDuyetBoBinh_Last\OpenGL\main.cpp(532,44): warning C4305: 'argument': truncation from 'double' to 'GLfloat'
C:\Users\Admin\Desktop\DHMT\BTL_TapDuyetBoBinh_Last\OpenGL\main.cpp(534,34): warning C4305: 'argument': truncation from 'double' to 'const GLfloat'
C:\Users\Admin\Desktop\DHMT\BTL_TapDuyetBoBinh_Last\OpenGL\main.cpp(535,44): warning C4305: 'argument': truncation from 'double' to 'GLfloat'
C:\Users\Admin\Desktop\DHMT\BTL_TapDuyetBoBinh_Last\OpenGL\main.cpp(537,35): warning C4305: 'argument': truncation from 'double' to 'const GLfloat'
C:\Users\Admin\Desktop\DHMT\BTL_TapDuyetBoBinh_Last\OpenGL\main.cpp(538,44): warning C4305: 'argument': truncation from 'double' to 'GLfloat'
C:\Users\Admin\Desktop\DHMT\BTL_TapDuyetBoBinh_Last\OpenGL\main.cpp(547,46): warning C4305: 'argument': truncation from 'double' to 'const GLfloat'
C:\Users\Admin\Desktop\DHMT\BTL_TapDuyetBoBinh_Last\OpenGL\main.cpp(548,39): warning C4305: 'argument': truncation from 'double' to 'GLfloat'
C:\Users\Admin\Desktop\DHMT\BTL_TapDuyetBoBinh_Last\OpenGL\main.cpp(549,48): warning C4305: 'argument': truncation from 'double' to 'const GLfloat'
C:\Users\Admin\Desktop\DHMT\BTL_TapDuyetBoBinh_Last\OpenGL\main.cpp(550,42): warning C4305: 'argument': truncation from 'double' to 'GLfloat'
C:\Users\Admin\Desktop\DHMT\BTL_TapDuyetBoBinh_Last\OpenGL\main.cpp(551,49): warning C4305: 'argument': truncation from 'double' to 'const GLfloat'
C:\Users\Admin\Desktop\DHMT\BTL_TapDuyetBoBinh_Last\OpenGL\main.cpp(552,42): warning C4305: 'argument': truncation from 'double' to 'GLfloat'
C:\Users\Admin\Desktop\DHMT\BTL_TapDuyetBoBinh_Last\OpenGL\main.cpp(554,47): warning C4305: 'argument': truncation from 'double' to 'const GLfloat'
C:\Users\Admin\Desktop\DHMT\BTL_TapDuyetBoBinh_Last\OpenGL\main.cpp(555,39): warning C4305: 'argument': truncation from 'double' to 'GLfloat'
C:\Users\Admin\Desktop\DHMT\BTL_TapDuyetBoBinh_Last\OpenGL\main.cpp(556,49): warning C4305: 'argument': truncation from 'double' to 'const GLfloat'
C:\Users\Admin\Desktop\DHMT\BTL_TapDuyetBoBinh_Last\OpenGL\main.cpp(557,42): warning C4305: 'argument': truncation from 'double' to 'GLfloat'
C:\Users\Admin\Desktop\DHMT\BTL_TapDuyetBoBinh_Last\OpenGL\main.cpp(558,50): warning C4305: 'argument': truncation from 'double' to 'const GLfloat'
C:\Users\Admin\Desktop\DHMT\BTL_TapDuyetBoBinh_Last\OpenGL\main.cpp(559,42): warning C4305: 'argument': truncation from 'double' to 'GLfloat'
C:\Users\Admin\Desktop\DHMT\BTL_TapDuyetBoBinh_Last\OpenGL\main.cpp(561,47): warning C4305: 'argument': truncation from 'double' to 'const GLfloat'
C:\Users\Admin\Desktop\DHMT\BTL_TapDuyetBoBinh_Last\OpenGL\main.cpp(562,39): warning C4305: 'argument': truncation from 'double' to 'GLfloat'
C:\Users\Admin\Desktop\DHMT\BTL_TapDuyetBoBinh_Last\OpenGL\main.cpp(563,49): warning C4305: 'argument': truncation from 'double' to 'const GLfloat'
C:\Users\Admin\Desktop\DHMT\BTL_TapDuyetBoBinh_Last\OpenGL\main.cpp(564,42): warning C4305: 'argument': truncation from 'double' to 'GLfloat'
C:\Users\Admin\Desktop\DHMT\BTL_TapDuyetBoBinh_Last\OpenGL\main.cpp(565,50): warning C4305: 'argument': truncation from 'double' to 'const GLfloat'
C:\Users\Admin\Desktop\DHMT\BTL_TapDuyetBoBinh_Last\OpenGL\main.cpp(566,42): warning C4305: 'argument': truncation from 'double' to 'GLfloat'
C:\Users\Admin\Desktop\DHMT\BTL_TapDuyetBoBinh_Last\OpenGL\main.cpp(568,48): warning C4305: 'argument': truncation from 'double' to 'const GLfloat'
C:\Users\Admin\Desktop\DHMT\BTL_TapDuyetBoBinh_Last\OpenGL\main.cpp(569,39): warning C4305: 'argument': truncation from 'double' to 'GLfloat'
C:\Users\Admin\Desktop\DHMT\BTL_TapDuyetBoBinh_Last\OpenGL\main.cpp(570,50): warning C4305: 'argument': truncation from 'double' to 'const GLfloat'
C:\Users\Admin\Desktop\DHMT\BTL_TapDuyetBoBinh_Last\OpenGL\main.cpp(571,42): warning C4305: 'argument': truncation from 'double' to 'GLfloat'
C:\Users\Admin\Desktop\DHMT\BTL_TapDuyetBoBinh_Last\OpenGL\main.cpp(572,51): warning C4305: 'argument': truncation from 'double' to 'const GLfloat'
C:\Users\Admin\Desktop\DHMT\BTL_TapDuyetBoBinh_Last\OpenGL\main.cpp(573,42): warning C4305: 'argument': truncation from 'double' to 'GLfloat'
C:\Users\Admin\Desktop\DHMT\BTL_TapDuyetBoBinh_Last\OpenGL\main.cpp(578,17): warning C4244: 'argument': conversion from 'int' to 'GLfloat', possible loss of data
C:\Users\Admin\Desktop\DHMT\BTL_TapDuyetBoBinh_Last\OpenGL\main.cpp(591,40): warning C4305: 'argument': truncation from 'double' to 'GLfloat'
C:\Users\Admin\Desktop\DHMT\BTL_TapDuyetBoBinh_Last\OpenGL\main.cpp(594,49): warning C4305: 'argument': truncation from 'double' to 'const GLfloat'
C:\Users\Admin\Desktop\DHMT\BTL_TapDuyetBoBinh_Last\OpenGL\main.cpp(594,73): warning C4305: 'argument': truncation from 'double' to 'const GLfloat'
C:\Users\Admin\Desktop\DHMT\BTL_TapDuyetBoBinh_Last\OpenGL\main.cpp(595,44): warning C4305: 'argument': truncation from 'double' to 'GLfloat'
C:\Users\Admin\Desktop\DHMT\BTL_TapDuyetBoBinh_Last\OpenGL\main.cpp(596,49): warning C4305: 'argument': truncation from 'double' to 'const GLfloat'
C:\Users\Admin\Desktop\DHMT\BTL_TapDuyetBoBinh_Last\OpenGL\main.cpp(596,78): warning C4305: 'argument': truncation from 'double' to 'const GLfloat'
C:\Users\Admin\Desktop\DHMT\BTL_TapDuyetBoBinh_Last\OpenGL\main.cpp(597,39): warning C4305: 'argument': truncation from 'double' to 'GLfloat'
C:\Users\Admin\Desktop\DHMT\BTL_TapDuyetBoBinh_Last\OpenGL\main.cpp(599,51): warning C4305: 'argument': truncation from 'double' to 'const GLfloat'
C:\Users\Admin\Desktop\DHMT\BTL_TapDuyetBoBinh_Last\OpenGL\main.cpp(600,44): warning C4305: 'argument': truncation from 'double' to 'GLfloat'
C:\Users\Admin\Desktop\DHMT\BTL_TapDuyetBoBinh_Last\OpenGL\main.cpp(601,54): warning C4305: 'argument': truncation from 'double' to 'const GLfloat'
C:\Users\Admin\Desktop\DHMT\BTL_TapDuyetBoBinh_Last\OpenGL\main.cpp(602,39): warning C4305: 'argument': truncation from 'double' to 'GLfloat'
C:\Users\Admin\Desktop\DHMT\BTL_TapDuyetBoBinh_Last\OpenGL\main.cpp(605,31): warning C4305: 'argument': truncation from 'double' to 'const GLfloat'
C:\Users\Admin\Desktop\DHMT\BTL_TapDuyetBoBinh_Last\OpenGL\main.cpp(605,52): warning C4305: 'argument': truncation from 'double' to 'const GLfloat'
C:\Users\Admin\Desktop\DHMT\BTL_TapDuyetBoBinh_Last\OpenGL\main.cpp(605,92): warning C4305: 'argument': truncation from 'double' to 'const GLfloat'
C:\Users\Admin\Desktop\DHMT\BTL_TapDuyetBoBinh_Last\OpenGL\main.cpp(606,42): warning C4305: 'argument': truncation from 'double' to 'GLfloat'
C:\Users\Admin\Desktop\DHMT\BTL_TapDuyetBoBinh_Last\OpenGL\main.cpp(608,32): warning C4305: 'argument': truncation from 'double' to 'const GLfloat'
C:\Users\Admin\Desktop\DHMT\BTL_TapDuyetBoBinh_Last\OpenGL\main.cpp(608,53): warning C4305: 'argument': truncation from 'double' to 'const GLfloat'
C:\Users\Admin\Desktop\DHMT\BTL_TapDuyetBoBinh_Last\OpenGL\main.cpp(608,96): warning C4305: 'argument': truncation from 'double' to 'const GLfloat'
C:\Users\Admin\Desktop\DHMT\BTL_TapDuyetBoBinh_Last\OpenGL\main.cpp(609,42): warning C4305: 'argument': truncation from 'double' to 'GLfloat'
C:\Users\Admin\Desktop\DHMT\BTL_TapDuyetBoBinh_Last\OpenGL\main.cpp(611,32): warning C4305: 'argument': truncation from 'double' to 'const GLfloat'
C:\Users\Admin\Desktop\DHMT\BTL_TapDuyetBoBinh_Last\OpenGL\main.cpp(611,56): warning C4305: 'argument': truncation from 'double' to 'const GLfloat'
C:\Users\Admin\Desktop\DHMT\BTL_TapDuyetBoBinh_Last\OpenGL\main.cpp(611,101): warning C4305: 'argument': truncation from 'double' to 'const GLfloat'
C:\Users\Admin\Desktop\DHMT\BTL_TapDuyetBoBinh_Last\OpenGL\main.cpp(612,43): warning C4305: 'argument': truncation from 'double' to 'GLfloat'
C:\Users\Admin\Desktop\DHMT\BTL_TapDuyetBoBinh_Last\OpenGL\main.cpp(614,33): warning C4305: 'argument': truncation from 'double' to 'const GLfloat'
C:\Users\Admin\Desktop\DHMT\BTL_TapDuyetBoBinh_Last\OpenGL\main.cpp(614,57): warning C4305: 'argument': truncation from 'double' to 'const GLfloat'
C:\Users\Admin\Desktop\DHMT\BTL_TapDuyetBoBinh_Last\OpenGL\main.cpp(614,103): warning C4305: 'argument': truncation from 'double' to 'const GLfloat'
C:\Users\Admin\Desktop\DHMT\BTL_TapDuyetBoBinh_Last\OpenGL\main.cpp(615,43): warning C4305: 'argument': truncation from 'double' to 'GLfloat'
C:\Users\Admin\Desktop\DHMT\BTL_TapDuyetBoBinh_Last\OpenGL\main.cpp(618,29): warning C4305: 'argument': truncation from 'double' to 'const GLfloat'
C:\Users\Admin\Desktop\DHMT\BTL_TapDuyetBoBinh_Last\OpenGL\main.cpp(619,44): warning C4305: 'argument': truncation from 'double' to 'GLfloat'
C:\Users\Admin\Desktop\DHMT\BTL_TapDuyetBoBinh_Last\OpenGL\main.cpp(624,31): warning C4305: 'argument': truncation from 'double' to 'const GLfloat'
C:\Users\Admin\Desktop\DHMT\BTL_TapDuyetBoBinh_Last\OpenGL\main.cpp(624,71): warning C4305: 'argument': truncation from 'double' to 'const GLfloat'
C:\Users\Admin\Desktop\DHMT\BTL_TapDuyetBoBinh_Last\OpenGL\main.cpp(624,116): warning C4305: 'argument': truncation from 'double' to 'const GLfloat'
C:\Users\Admin\Desktop\DHMT\BTL_TapDuyetBoBinh_Last\OpenGL\main.cpp(625,42): warning C4305: 'argument': truncation from 'double' to 'GLfloat'
C:\Users\Admin\Desktop\DHMT\BTL_TapDuyetBoBinh_Last\OpenGL\main.cpp(627,36): warning C4305: 'argument': truncation from 'double' to 'const GLfloat'
C:\Users\Admin\Desktop\DHMT\BTL_TapDuyetBoBinh_Last\OpenGL\main.cpp(627,63): warning C4305: 'argument': truncation from 'double' to 'const GLfloat'
C:\Users\Admin\Desktop\DHMT\BTL_TapDuyetBoBinh_Last\OpenGL\main.cpp(627,109): warning C4305: 'argument': truncation from 'double' to 'const GLfloat'
C:\Users\Admin\Desktop\DHMT\BTL_TapDuyetBoBinh_Last\OpenGL\main.cpp(628,40): warning C4305: 'argument': truncation from 'double' to 'GLfloat'
C:\Users\Admin\Desktop\DHMT\BTL_TapDuyetBoBinh_Last\OpenGL\main.cpp(631,32): warning C4305: 'argument': truncation from 'double' to 'const GLfloat'
C:\Users\Admin\Desktop\DHMT\BTL_TapDuyetBoBinh_Last\OpenGL\main.cpp(631,70): warning C4305: 'argument': truncation from 'double' to 'const GLfloat'
C:\Users\Admin\Desktop\DHMT\BTL_TapDuyetBoBinh_Last\OpenGL\main.cpp(631,116): warning C4305: 'argument': truncation from 'double' to 'const GLfloat'
C:\Users\Admin\Desktop\DHMT\BTL_TapDuyetBoBinh_Last\OpenGL\main.cpp(632,42): warning C4305: 'argument': truncation from 'double' to 'GLfloat'
C:\Users\Admin\Desktop\DHMT\BTL_TapDuyetBoBinh_Last\OpenGL\main.cpp(634,37): warning C4305: 'argument': truncation from 'double' to 'const GLfloat'
C:\Users\Admin\Desktop\DHMT\BTL_TapDuyetBoBinh_Last\OpenGL\main.cpp(634,63): warning C4305: 'argument': truncation from 'double' to 'const GLfloat'
C:\Users\Admin\Desktop\DHMT\BTL_TapDuyetBoBinh_Last\OpenGL\main.cpp(634,110): warning C4305: 'argument': truncation from 'double' to 'const GLfloat'
C:\Users\Admin\Desktop\DHMT\BTL_TapDuyetBoBinh_Last\OpenGL\main.cpp(635,40): warning C4305: 'argument': truncation from 'double' to 'GLfloat'
C:\Users\Admin\Desktop\DHMT\BTL_TapDuyetBoBinh_Last\OpenGL\main.cpp(647,27): warning C4244: 'argument': conversion from 'double' to 'const GLfloat', possible loss of data
C:\Users\Admin\Desktop\DHMT\BTL_TapDuyetBoBinh_Last\OpenGL\main.cpp(650,26): warning C4244: 'argument': conversion from 'double' to 'const GLfloat', possible loss of data
C:\Users\Admin\Desktop\DHMT\BTL_TapDuyetBoBinh_Last\OpenGL\main.cpp(653,44): warning C4244: 'argument': conversion from 'double' to 'const GLfloat', possible loss of data
C:\Users\Admin\Desktop\DHMT\BTL_TapDuyetBoBinh_Last\OpenGL\main.cpp(653,27): warning C4244: 'argument': conversion from 'double' to 'const GLfloat', possible loss of data
C:\Users\Admin\Desktop\DHMT\BTL_TapDuyetBoBinh_Last\OpenGL\main.cpp(707,16): warning C4305: '-=': truncation from 'double' to 'GLfloat'
C:\Users\Admin\Desktop\DHMT\BTL_TapDuyetBoBinh_Last\OpenGL\main.cpp(712,16): warning C4305: '+=': truncation from 'double' to 'GLfloat'
C:\Users\Admin\Desktop\DHMT\BTL_TapDuyetBoBinh_Last\OpenGL\main.cpp(716,14): warning C4305: '-=': truncation from 'double' to 'GLfloat'
C:\Users\Admin\Desktop\DHMT\BTL_TapDuyetBoBinh_Last\OpenGL\main.cpp(719,14): warning C4305: '+=': truncation from 'double' to 'GLfloat'
C:\Users\Admin\Desktop\DHMT\BTL_TapDuyetBoBinh_Last\OpenGL\main.cpp(722,14): warning C4305: '+=': truncation from 'double' to 'GLfloat'
C:\Users\Admin\Desktop\DHMT\BTL_TapDuyetBoBinh_Last\OpenGL\main.cpp(725,14): warning C4305: '-=': truncation from 'double' to 'GLfloat'
C:\Users\Admin\Desktop\DHMT\BTL_TapDuyetBoBinh_Last\OpenGL\main.cpp(753,16): warning C4305: '*=': truncation from 'double' to 'GLfloat'
C:\Users\Admin\Desktop\DHMT\BTL_TapDuyetBoBinh_Last\OpenGL\main.cpp(753,30): warning C4305: '*=': truncation from 'double' to 'GLfloat'
C:\Users\Admin\Desktop\DHMT\BTL_TapDuyetBoBinh_Last\OpenGL\main.cpp(757,16): warning C4305: '*=': truncation from 'double' to 'GLfloat'
C:\Users\Admin\Desktop\DHMT\BTL_TapDuyetBoBinh_Last\OpenGL\main.cpp(757,30): warning C4305: '*=': truncation from 'double' to 'GLfloat'
C:\Users\Admin\Desktop\DHMT\BTL_TapDuyetBoBinh_Last\OpenGL\main.cpp(775,17): warning C4305: '+=': truncation from 'double' to 'GLfloat'
C:\Users\Admin\Desktop\DHMT\BTL_TapDuyetBoBinh_Last\OpenGL\main.cpp(780,17): warning C4305: '-=': truncation from 'double' to 'GLfloat'
C:\Users\Admin\Desktop\DHMT\BTL_TapDuyetBoBinh_Last\OpenGL\main.cpp(785,18): warning C4305: '+=': truncation from 'double' to 'GLfloat'
C:\Users\Admin\Desktop\DHMT\BTL_TapDuyetBoBinh_Last\OpenGL\main.cpp(786,17): warning C4305: '+=': truncation from 'double' to 'GLfloat'
C:\Users\Admin\Desktop\DHMT\BTL_TapDuyetBoBinh_Last\OpenGL\main.cpp(794,18): warning C4305: '-=': truncation from 'double' to 'GLfloat'
C:\Users\Admin\Desktop\DHMT\BTL_TapDuyetBoBinh_Last\OpenGL\main.cpp(795,17): warning C4305: '-=': truncation from 'double' to 'GLfloat'
C:\Users\Admin\Desktop\DHMT\BTL_TapDuyetBoBinh_Last\OpenGL\main.cpp(824,19): warning C4305: '+=': truncation from 'double' to 'GLfloat'
C:\Users\Admin\Desktop\DHMT\BTL_TapDuyetBoBinh_Last\OpenGL\main.cpp(825,19): warning C4305: '+=': truncation from 'double' to 'GLfloat'
C:\Users\Admin\Desktop\DHMT\BTL_TapDuyetBoBinh_Last\OpenGL\main.cpp(826,19): warning C4305: '+=': truncation from 'double' to 'GLfloat'
C:\Users\Admin\Desktop\DHMT\BTL_TapDuyetBoBinh_Last\OpenGL\main.cpp(829,18): warning C4305: '=': truncation from 'double' to 'GLfloat'
C:\Users\Admin\Desktop\DHMT\BTL_TapDuyetBoBinh_Last\OpenGL\main.cpp(830,18): warning C4305: '=': truncation from 'double' to 'GLfloat'
C:\Users\Admin\Desktop\DHMT\BTL_TapDuyetBoBinh_Last\OpenGL\main.cpp(835,19): warning C4305: '-=': truncation from 'double' to 'GLfloat'
C:\Users\Admin\Desktop\DHMT\BTL_TapDuyetBoBinh_Last\OpenGL\main.cpp(836,19): warning C4305: '-=': truncation from 'double' to 'GLfloat'
C:\Users\Admin\Desktop\DHMT\BTL_TapDuyetBoBinh_Last\OpenGL\main.cpp(837,19): warning C4305: '-=': truncation from 'double' to 'GLfloat'
C:\Users\Admin\Desktop\DHMT\BTL_TapDuyetBoBinh_Last\OpenGL\main.cpp(857,17): warning C4305: '-=': truncation from 'double' to 'GLfloat'
C:\Users\Admin\Desktop\DHMT\BTL_TapDuyetBoBinh_Last\OpenGL\main.cpp(858,18): warning C4305: '-=': truncation from 'double' to 'GLfloat'
C:\Users\Admin\Desktop\DHMT\BTL_TapDuyetBoBinh_Last\OpenGL\main.cpp(859,17): warning C4305: '+=': truncation from 'double' to 'GLfloat'
C:\Users\Admin\Desktop\DHMT\BTL_TapDuyetBoBinh_Last\OpenGL\main.cpp(863,18): warning C4305: '=': truncation from 'double' to 'GLfloat'
C:\Users\Admin\Desktop\DHMT\BTL_TapDuyetBoBinh_Last\OpenGL\main.cpp(869,17): warning C4305: '+=': truncation from 'double' to 'GLfloat'
C:\Users\Admin\Desktop\DHMT\BTL_TapDuyetBoBinh_Last\OpenGL\main.cpp(870,18): warning C4305: '+=': truncation from 'double' to 'GLfloat'
C:\Users\Admin\Desktop\DHMT\BTL_TapDuyetBoBinh_Last\OpenGL\main.cpp(871,17): warning C4305: '-=': truncation from 'double' to 'GLfloat'
C:\Users\Admin\Desktop\DHMT\BTL_TapDuyetBoBinh_Last\OpenGL\main.cpp(896,18): warning C4305: '+=': truncation from 'double' to 'GLfloat'
C:\Users\Admin\Desktop\DHMT\BTL_TapDuyetBoBinh_Last\OpenGL\main.cpp(901,18): warning C4305: '-=': truncation from 'double' to 'GLfloat'
  OpenGL.vcxproj -> C:\Users\Admin\Desktop\DHMT\BTL_TapDuyetBoBinh_Last\Debug\OpenGL.exe
