c:\users\this pc\onedrive\máy tính\save code vs code\đồ họa máy tính\btl_nhom5_ theworkingroom\opengl\debug\vc143.pdb
c:\users\this pc\onedrive\máy tính\save code vs code\đồ họa máy tính\btl_nhom5_ theworkingroom\opengl\debug\vc143.idb
c:\users\this pc\onedrive\máy tính\save code vs code\đồ họa máy tính\btl_nhom5_ theworkingroom\opengl\debug\main.obj
c:\users\this pc\onedrive\máy tính\save code vs code\đồ họa máy tính\btl_nhom5_ theworkingroom\opengl\debug\initshader.obj
e:\yen\giaotrinh\dhmtcdio\thuchanh_yen\baithso3_2_hinhlapphuongdonvi_vs2015\debug\opengl.ilk
e:\yen\giaotrinh\dhmtcdio\thuchanh_yen\baithso3_2_hinhlapphuongdonvi_vs2015\debug\opengl.exe
e:\yen\giaotrinh\dhmtcdio\thuchanh_yen\baithso3_2_hinhlapphuongdonvi_vs2015\debug\opengl.pdb
e:\yen\giaotrinh\dhmtcdio\thuchanh_yen\baith6_hinhlapphuong_chieusang\debug\opengl.ilk
e:\yen\giaotrinh\dhmtcdio\thuchanh_yen\baith6_hinhlapphuong_chieusang\debug\opengl.exe
e:\yen\giaotrinh\dhmtcdio\thuchanh_yen\baith6_hinhlapphuong_chieusang\debug\opengl.pdb
c:\users\this pc\onedrive\máy tính\save code vs code\đồ họa máy tính\btl_nhom5_ theworkingroom\debug\opengl.exe
c:\users\this pc\onedrive\máy tính\save code vs code\đồ họa máy tính\btl_nhom5_ theworkingroom\opengl\debug\opengl.ilk
c:\users\this pc\onedrive\máy tính\save code vs code\đồ họa máy tính\btl_nhom5_ theworkingroom\debug\opengl.pdb
c:\users\admin\desktop\dhmt\btl_nhom5_ theworkingroom\opengl\debug\initshader.obj
c:\users\admin\desktop\dhmt\btl_nhom5_ theworkingroom\opengl\debug\main.obj
c:\users\admin\desktop\dhmt\btl_nhom5_ theworkingroom\opengl\debug\opengl.ilk
c:\users\admin\desktop\dhmt\btl_nhom5_ theworkingroom\opengl\debug\vc141.idb
c:\users\admin\desktop\dhmt\btl_nhom5_ theworkingroom\opengl\debug\vc143.idb
c:\users\admin\desktop\dhmt\btl_nhom5_ theworkingroom\opengl\debug\vc141.pdb
c:\users\admin\desktop\dhmt\btl_nhom5_ theworkingroom\opengl\debug\vc143.pdb
c:\users\admin\desktop\dhmt\btl_nhom5_ theworkingroom\debug\opengl.pdb
c:\users\admin\desktop\dhmt\btl_nhom5_ theworkingroom\debug\opengl.exe
c:\users\admin\desktop\dhmt\btl_nhom5_ theworkingroom\debug\opengl.ilk
c:\users\admin\desktop\dhmt\btl_nhom5_ theworkingroom\opengl\debug\opengl.tlog\cl.command.1.tlog
c:\users\admin\desktop\dhmt\btl_nhom5_ theworkingroom\opengl\debug\opengl.tlog\cl.read.1.tlog
c:\users\admin\desktop\dhmt\btl_nhom5_ theworkingroom\opengl\debug\opengl.tlog\cl.write.1.tlog
c:\users\admin\desktop\dhmt\btl_nhom5_ theworkingroom\opengl\debug\opengl.tlog\link.command.1.tlog
c:\users\admin\desktop\dhmt\btl_nhom5_ theworkingroom\opengl\debug\opengl.tlog\link.read.1.tlog
c:\users\admin\desktop\dhmt\btl_nhom5_ theworkingroom\opengl\debug\opengl.tlog\link.write.1.tlog
